[INFO 2020-03-27 15:30:46]Start Class...
[INFO 2020-03-27 15:30:46]Start Method...
[INFO 2020-03-27 15:30:46]Request Headers:{'Sec-Fetch-Dest': 'empty', 'Sec-Fetch-Mode': 'cors', 'Sec-Fetch-Site': 'same-origin', 'User-Agent': 'Mozilla/5.0 (Macintosh; Intel Mac OS X 10_15_2) AppleWebKit/537.36 (KHTML, like Gecko) Chrome/80.0.3987.132 Safari/537.36', 'X-Requested-With': 'XMLHttpRequest'}
[INFO 2020-03-27 15:30:46]Request Body:{'postid': '430419067466211100000', 'type': 'yuantong'}
[INFO 2020-03-27 15:30:46]Response Headers:{'Server': 'nginx', 'Date': 'Fri, 27 Mar 2020 07:31:05 GMT', 'Content-Type': 'text/html;charset=UTF-8', 'Transfer-Encoding': 'chunked', 'Vary': 'Accept-Encoding', 'P3P': 'CP="IDC DSP COR ADM DEVi TAIi PSA PSD IVAi IVDi CONi HIS OUR IND CNT"', 'Cache-Control': 'no-cache', 'Content-Encoding': 'gzip', 'Connection': 'keep-alive'}
[INFO 2020-03-27 15:30:46]Response Body:{"message":"ok","nu":"430419067466211100000","ischeck":"1","com":"yuantong","status":"200","condition":"F00","state":"3","data":[{"time":"2020-03-02 15:31:05","context":"查无结果","ftime":"2020-03-02 15:31:05"}]}
[INFO 2020-03-27 15:30:46]Global Var:{"headers": "text/html;charset=UTF-8", "com": "yuantong"}
[INFO 2020-03-27 15:30:46]Equal Assert!!! Expected_value =Actual_value ... 
[INFO 2020-03-27 15:30:46]Expected_value: 200
[INFO 2020-03-27 15:30:46]Actual_value: 200
[INFO 2020-03-27 15:30:46]Equal Assert!!! Expected_value =Actual_value ... 
[INFO 2020-03-27 15:30:46]Expected_value: text/html;charset=UTF-8
[INFO 2020-03-27 15:30:46]Actual_value: text/html;charset=UTF-8
[INFO 2020-03-27 15:30:46]Finnish Method...
[INFO 2020-03-27 15:30:46]Start Method...
[INFO 2020-03-27 15:30:46]Request Headers:{'Sec-Fetch-Dest': 'empty', 'Sec-Fetch-Mode': 'cors', 'User-Agent': 'Mozilla/5.0 (Macintosh; Intel Mac OS X 10_15_2) AppleWebKit/537.36 (KHTML, like Gecko) Chrome/80.0.3987.132 Safari/537.36', 'X-Requested-With': 'XMLHttpRequest'}
[INFO 2020-03-27 15:30:46]Request Body:{'postid': '4304190674662', 'type': 'yuantong'}
[INFO 2020-03-27 15:30:46]Response Headers:{'Server': 'nginx', 'Date': 'Fri, 27 Mar 2020 07:31:05 GMT', 'Content-Type': 'text/html;charset=UTF-8', 'Transfer-Encoding': 'chunked', 'Vary': 'Accept-Encoding', 'P3P': 'CP="IDC DSP COR ADM DEVi TAIi PSA PSD IVAi IVDi CONi HIS OUR IND CNT"', 'Cache-Control': 'no-cache', 'Content-Encoding': 'gzip', 'Connection': 'keep-alive'}
[INFO 2020-03-27 15:30:46]Response Body:{"message":"ok","nu":"4304190674662","ischeck":"1","com":"yuantong","status":"200","condition":"F00","state":"3","data":[{"time":"2020-03-12 15:31:05","context":"查无结果","ftime":"2020-03-12 15:31:05"}]}
[INFO 2020-03-27 15:30:46]Equal Assert!!! Expected_value =Actual_value ... 
[INFO 2020-03-27 15:30:46]Expected_value: 200
[INFO 2020-03-27 15:30:46]Actual_value: 200
[INFO 2020-03-27 15:30:46]Contain Assert!!! Actual_value contains Expected_value ... 
[INFO 2020-03-27 15:30:46]Expected_value: charset=UTF-8
[INFO 2020-03-27 15:30:46]Actual_value: text/html;charset=UTF-8
[INFO 2020-03-27 15:30:46]Finnish Method...
[INFO 2020-03-27 15:30:46]Start Method...
[INFO 2020-03-27 15:30:46]Request Headers:{'Sec-Fetch-Dest': 'empty', 'Sec-Fetch-Site': 'same-origin', 'User-Agent': 'Mozilla/5.0 (Macintosh; Intel Mac OS X 10_15_2) AppleWebKit/537.36 (KHTML, like Gecko) Chrome/80.0.3987.132 Safari/537.36', 'X-Requested-With': 'XMLHttpRequest'}
[INFO 2020-03-27 15:30:46]Request Body:{'postid': '4304190674662111', 'type': 'yunda'}
[INFO 2020-03-27 15:30:51]Response Headers:{'Server': 'nginx', 'Date': 'Fri, 27 Mar 2020 07:31:10 GMT', 'Content-Type': 'text/html;charset=UTF-8', 'Transfer-Encoding': 'chunked', 'Vary': 'Accept-Encoding', 'P3P': 'CP="IDC DSP COR ADM DEVi TAIi PSA PSD IVAi IVDi CONi HIS OUR IND CNT"', 'Cache-Control': 'no-cache', 'Content-Encoding': 'gzip', 'Connection': 'keep-alive'}
[INFO 2020-03-27 15:30:51]Response Body:{"message":"ok","nu":"4304190674662111","ischeck":"1","com":"yunda","status":"200","condition":"F00","state":"3","data":[{"time":"2020-03-06 15:31:05","context":"查无结果","ftime":"2020-03-06 15:31:05"}]}
[INFO 2020-03-27 15:30:51]Equal Assert!!! Expected_value =Actual_value ... 
[INFO 2020-03-27 15:30:51]Expected_value: 200
[INFO 2020-03-27 15:30:51]Actual_value: 200
[INFO 2020-03-27 15:30:51]Equal Assert!!! Expected_value =Actual_value ... 
[INFO 2020-03-27 15:30:51]Expected_value: charset=UTF-8
[INFO 2020-03-27 15:30:51]Actual_value: text/html;charset=UTF-8
[INFO 2020-03-27 15:30:51]Finnish Method...
[INFO 2020-03-27 15:30:51]Start Method...
[INFO 2020-03-27 15:30:51]Request Headers:{'Sec-Fetch-Dest': 'empty', 'Sec-Fetch-Site': 'same-origin', 'User-Agent': 'Mozilla/5.0 (Macintosh; Intel Mac OS X 10_15_2) AppleWebKit/537.36 (KHTML, like Gecko) Chrome/80.0.3987.132 Safari/537.36', 'X-Requested-With': 'XMLHttpRequest'}
[INFO 2020-03-27 15:30:51]Request Body:{'postid': '4304190674666', 'type': 'yunda'}
[INFO 2020-03-27 15:30:52]Response Headers:{'Server': 'nginx', 'Date': 'Fri, 27 Mar 2020 07:31:11 GMT', 'Content-Type': 'text/html;charset=UTF-8', 'Transfer-Encoding': 'chunked', 'Vary': 'Accept-Encoding', 'P3P': 'CP="IDC DSP COR ADM DEVi TAIi PSA PSD IVAi IVDi CONi HIS OUR IND CNT"', 'Cache-Control': 'no-cache', 'Content-Encoding': 'gzip', 'Connection': 'keep-alive'}
[INFO 2020-03-27 15:30:52]Response Body:{"message":"ok","nu":"4304190674666","ischeck":"1","com":"yunda","status":"200","condition":"F00","state":"3","data":[{"time":"2020-02-28 15:31:11","context":"查无结果","ftime":"2020-02-28 15:31:11"}]}
[INFO 2020-03-27 15:30:52]Equal Assert!!! Expected_value =Actual_value ... 
[INFO 2020-03-27 15:30:52]Expected_value: 200
[INFO 2020-03-27 15:30:52]Actual_value: 200
[INFO 2020-03-27 15:30:52]Contain Assert!!! Actual_value contains Expected_value ... 
[INFO 2020-03-27 15:30:52]Expected_value: yunda
[INFO 2020-03-27 15:30:52]Actual_value: yunda
[INFO 2020-03-27 15:30:52]Finnish Method...
[INFO 2020-03-27 15:30:52]Start Method...
[INFO 2020-03-27 15:30:52]Request Headers:{'Sec-Fetch-Dest': 'empty', 'Sec-Fetch-Site': 'same-origin', 'User-Agent': 'Mozilla/5.0 (Macintosh; Intel Mac OS X 10_15_2) AppleWebKit/537.36 (KHTML, like Gecko) Chrome/80.0.3987.132 Safari/537.36', 'X-Requested-With': 'XMLHttpRequest'}
[INFO 2020-03-27 15:30:52]Request Body:{'postid': '4304190674666', 'type': 'yunda'}
[INFO 2020-03-27 15:30:52]Response Headers:{'Server': 'nginx', 'Date': 'Fri, 27 Mar 2020 07:31:11 GMT', 'Content-Type': 'text/html;charset=UTF-8', 'Transfer-Encoding': 'chunked', 'Vary': 'Accept-Encoding', 'P3P': 'CP="IDC DSP COR ADM DEVi TAIi PSA PSD IVAi IVDi CONi HIS OUR IND CNT"', 'Cache-Control': 'no-cache', 'Content-Encoding': 'gzip', 'Connection': 'keep-alive'}
[INFO 2020-03-27 15:30:52]Response Body:{"message":"ok","nu":"4304190674666","ischeck":"1","com":"yunda","status":"200","condition":"F00","state":"3","data":[{"time":"2020-03-18 15:31:11","context":"查无结果","ftime":"2020-03-18 15:31:11"}]}
[INFO 2020-03-27 15:30:52]Global Var:{"headers": "text/html;charset=UTF-8", "com": "yuantong", "nu": "4304190674666"}
[INFO 2020-03-27 15:30:52]Not Equal Assert!!! Expected_value !=Actual_value ... 
[INFO 2020-03-27 15:30:52]Expected_value: 500
[INFO 2020-03-27 15:30:52]Actual_value: 200
[INFO 2020-03-27 15:30:52]Finnish Method...
[INFO 2020-03-27 15:30:52]Start Method...
[INFO 2020-03-27 15:30:52]Finnish Method...
[INFO 2020-03-27 15:30:52]Start Method...
[INFO 2020-03-27 15:30:52]Finnish Method...
[INFO 2020-03-27 15:30:52]Start Method...
[INFO 2020-03-27 15:30:52]Finnish Method...
[INFO 2020-03-27 15:30:52]Start Method...
[INFO 2020-03-27 15:30:52]Finnish Method...
[INFO 2020-03-27 15:30:52]Start Method...
[INFO 2020-03-27 15:30:52]Finnish Method...
[INFO 2020-03-27 15:30:52]Finish Class...
